<?xml version="1.0" encoding="UTF-8"?>
<!-- Generated by org.testng.reporters.JUnitReportReporter -->
<testsuite skipped="0" hostname="DESKTOP-TV1E2JH" name="testCases.TC1_SearchFlights" tests="1" failures="0" timestamp="21 Dec 2018 17:03:20 GMT" time="27.682" errors="0">
  <testcase name="searchFlights" time="27.682" classname="testCases.TC1_SearchFlights"/>
</testsuite> <!-- testCases.TC1_SearchFlights -->
